Build started 26/03/2014 01:15:37.
     1>Project "D:\mc911\projeto1\parserVisual\parserVisual\parserVisual.vcxproj" on node 2 (Build target(s)).
     1>Build:
         "C:\Program Files (x86)\Sysprogs\VisualGDB\VisualGDB.exe" /build "D:\mc911\projeto1\parserVisual\parserVisual\parserVisual.vcxproj" "/solution:D:\mc911\projeto1\parserVisual\parserVisual.sln" "/config:Debug" "/platform:Win32"
         VisualGDB: Executing prebuild actions
         VisualGDB: Run "D:\Cygwin64\bin\make.exe " in directory "D:\mc911\projeto1" on local computer
         bison -d parser.y  -o parser.c
         gcc -g   -c -o parser.o parser.c
         parser.y: In function ΓÇÿyyparseΓÇÖ:
     1>D:\mc911\projeto1\parser.y(855,18): warning : assignment makes pointer from integer without a cast [enabled by default]
           | T_NUM {$$ = $1;}
                           ^
     1>D:\mc911\projeto1\parser.y(858,5): warning : passing argument 3 of ΓÇÿconcatΓÇÖ makes pointer from integer without a cast [enabled by default]
           | word_list T_NUM { $$ = concat($1, " ", $2); }
              ^
         D:\mc911\projeto1\parser.y(358,7): note:  expected ΓÇÿchar *ΓÇÖ but argument is of type ΓÇÿintΓÇÖ
          char* concat(char *str1, char *str2, char *str3)
                ^
         gcc -o parser scanner.o parser.o
         VisualGDB: Executing postbuild actions
     1>Done Building Project "D:\mc911\projeto1\parserVisual\parserVisual\parserVisual.vcxproj" (Build target(s)).

Build succeeded.

Time Elapsed 00:00:01.13
